c:\users\federico\source\repos\clientappmfc\clientappmfc\debug\clientappmfc.pch
c:\users\federico\source\repos\clientappmfc\clientappmfc\debug\vc142.pdb
c:\users\federico\source\repos\clientappmfc\clientappmfc\debug\vc142.idb
c:\users\federico\source\repos\clientappmfc\clientappmfc\debug\pch.obj
c:\users\federico\source\repos\clientappmfc\clientappmfc\debug\cclientappmfcdlg.obj
c:\users\federico\source\repos\clientappmfc\clientappmfc\debug\cclientappmfc.obj
c:\users\federico\source\repos\clientappmfc\clientappmfc\debug\cclientservice.obj
c:\users\federico\source\repos\clientappmfc\clientappmfc\debug\clientappmfc.ilk
c:\users\federico\source\repos\chatservice\debug\clientappmfc.exe
c:\users\federico\source\repos\chatservice\debug\clientappmfc.pdb
c:\users\federico\source\repos\clientappmfc\clientappmfc\debug\clientappmfc.res
c:\users\federico\source\repos\clientappmfc\clientappmfc\debug\clientappmfc.tlog\cl.command.1.tlog
c:\users\federico\source\repos\clientappmfc\clientappmfc\debug\clientappmfc.tlog\cl.read.1.tlog
c:\users\federico\source\repos\clientappmfc\clientappmfc\debug\clientappmfc.tlog\cl.write.1.tlog
c:\users\federico\source\repos\clientappmfc\clientappmfc\debug\clientappmfc.tlog\link.command.1.tlog
c:\users\federico\source\repos\clientappmfc\clientappmfc\debug\clientappmfc.tlog\link.read.1.tlog
c:\users\federico\source\repos\clientappmfc\clientappmfc\debug\clientappmfc.tlog\link.write.1.tlog
c:\users\federico\source\repos\clientappmfc\clientappmfc\debug\clientappmfc.tlog\rc.command.1.tlog
c:\users\federico\source\repos\clientappmfc\clientappmfc\debug\clientappmfc.tlog\rc.read.1.tlog
c:\users\federico\source\repos\clientappmfc\clientappmfc\debug\clientappmfc.tlog\rc.write.1.tlog
