c:\users\federico\source\repos\clientappmfc\clientappmfc\release\clientappmfc.pch
c:\users\federico\source\repos\clientappmfc\clientappmfc\release\vc142.pdb
c:\users\federico\source\repos\clientappmfc\clientappmfc\release\pch.obj
c:\users\federico\source\repos\clientappmfc\clientappmfc\release\cclientappmfcdlg.obj
c:\users\federico\source\repos\clientappmfc\clientappmfc\release\cclientappmfc.obj
c:\users\federico\source\repos\clientappmfc\clientappmfc\release\cclientservice.obj
c:\users\federico\source\repos\chatservice\release\clientappmfc.exe
c:\users\federico\source\repos\clientappmfc\clientappmfc\release\clientappmfc.iobj
c:\users\federico\source\repos\chatservice\release\clientappmfc.pdb
c:\users\federico\source\repos\clientappmfc\clientappmfc\release\clientappmfc.res
c:\users\federico\source\repos\clientappmfc\clientappmfc\release\clientappmfc.ipdb
c:\users\federico\source\repos\clientappmfc\clientappmfc\release\clientappmfc.tlog\cl.command.1.tlog
c:\users\federico\source\repos\clientappmfc\clientappmfc\release\clientappmfc.tlog\cl.read.1.tlog
c:\users\federico\source\repos\clientappmfc\clientappmfc\release\clientappmfc.tlog\cl.write.1.tlog
c:\users\federico\source\repos\clientappmfc\clientappmfc\release\clientappmfc.tlog\link.command.1.tlog
c:\users\federico\source\repos\clientappmfc\clientappmfc\release\clientappmfc.tlog\link.read.1.tlog
c:\users\federico\source\repos\clientappmfc\clientappmfc\release\clientappmfc.tlog\link.write.1.tlog
c:\users\federico\source\repos\clientappmfc\clientappmfc\release\clientappmfc.tlog\rc.command.1.tlog
c:\users\federico\source\repos\clientappmfc\clientappmfc\release\clientappmfc.tlog\rc.read.1.tlog
c:\users\federico\source\repos\clientappmfc\clientappmfc\release\clientappmfc.tlog\rc.write.1.tlog
